>>> Brak nowych wpisów w Arkuszu. Kończę pracę.
>>> Wykryto nową osobę! Temat 2.3: https://github.com/pawlos1337/Bazy-danych-temat.git
fatal: Katalog gita podmodułu „source/rozdzial_2/rozdzial_23” znaleziono lokalnie na zdalnych repozytoriach:
  origin	https://gihub.com/pawloc1337/Bazy-danych-temat
Jeśli chcesz ponownie użyć tego lokalnego katalogu gita zamiast ponownie klonować z
  https://github.com/pawlos1337/Bazy-danych-temat.git
użyj opcji „--force”. Jeśli lokalny katalog gita nie leży w prawidłowym repozytorium
lub nie jesteś pewien, co to znaczy, wybierz inną nazwę za pomocą opcji „--name”.
>>> Brak nowych wpisów w Arkuszu. Kończę pracę.
>>> Brak nowych wpisów w Arkuszu. Kończę pracę.
>>> Brak nowych wpisów w Arkuszu. Kończę pracę.
./terminator.sh: linia 74: błąd składni: nieoczekiwany koniec pliku
>>> Sprawdzam aktualizacje u wszystkich ziomków...
>>> Wykryto nowości. Aktualizuję spis treści i wysyłam na GitHuba...
[main 1abfeb1] Terminator: Globalna aktualizacja treści i submodułów
 Committer: Łoćwin Paweł Tomasz <student15@VPS-IP>
Twoja nazwa i adres e-mail zostały automatycznie skonfigurowane na podstawie
 twojej nazwy użytkownika i nazwy hosta. Sprawdź, czy są one prawidłowe.
Możesz ukryć tą wiadomość ustawiając je samodzielnie:

    git config --global user.email "toja@example.com"
    git config --global user.name "Twoje Imię Nazwisko"

Po tym możesz poprawić podpis użyty w tym zapisie używając:

    git commit --amend --reset-author

 1 file changed, 2 insertions(+)
To https://github.com/baguetedev/Bazy-Danych-1.git
   7f0550b..1abfeb1  main -> main
>>> Wszystko zsynchronizowane!
>>> Sprawdzam aktualizacje u wszystkich ziomków...
>>> Wykryto nowości. Aktualizuję spis treści i wysyłam na GitHuba...
[main f787b68] Terminator: Globalna aktualizacja treści i submodułów
 Committer: Łoćwin Paweł Tomasz <student15@VPS-IP>
Twoja nazwa i adres e-mail zostały automatycznie skonfigurowane na podstawie
 twojej nazwy użytkownika i nazwy hosta. Sprawdź, czy są one prawidłowe.
Możesz ukryć tą wiadomość ustawiając je samodzielnie:

    git config --global user.email "toja@example.com"
    git config --global user.name "Twoje Imię Nazwisko"

Po tym możesz poprawić podpis użyty w tym zapisie używając:

    git commit --amend --reset-author

 1 file changed, 19 insertions(+)
To https://github.com/baguetedev/Bazy-Danych-1.git
   1abfeb1..f787b68  main -> main
>>> Wszystko zsynchronizowane!
>>> Sprawdzam aktualizacje u wszystkich ziomków...
>>> Wykryto nowości. Aktualizuję spis treści i wysyłam na GitHuba...
[main 1d7d589] Terminator: Globalna aktualizacja treści i submodułów
 Committer: Łoćwin Paweł Tomasz <student15@VPS-IP>
Twoja nazwa i adres e-mail zostały automatycznie skonfigurowane na podstawie
 twojej nazwy użytkownika i nazwy hosta. Sprawdź, czy są one prawidłowe.
Możesz ukryć tą wiadomość ustawiając je samodzielnie:

    git config --global user.email "toja@example.com"
    git config --global user.name "Twoje Imię Nazwisko"

Po tym możesz poprawić podpis użyty w tym zapisie używając:

    git commit --amend --reset-author

 1 file changed, 19 insertions(+)
To https://github.com/baguetedev/Bazy-Danych-1.git
   f787b68..1d7d589  main -> main
>>> Wszystko zsynchronizowane!
>>> Sprawdzam aktualizacje u wszystkich ziomków...
>>> Wykryto nowości. Aktualizuję spis treści i wysyłam na GitHuba...
[main 578790f] Terminator: Globalna aktualizacja treści i submodułów
 Committer: Łoćwin Paweł Tomasz <student15@VPS-IP>
Twoja nazwa i adres e-mail zostały automatycznie skonfigurowane na podstawie
 twojej nazwy użytkownika i nazwy hosta. Sprawdź, czy są one prawidłowe.
Możesz ukryć tą wiadomość ustawiając je samodzielnie:

    git config --global user.email "toja@example.com"
    git config --global user.name "Twoje Imię Nazwisko"

Po tym możesz poprawić podpis użyty w tym zapisie używając:

    git commit --amend --reset-author

 1 file changed, 19 insertions(+)
To https://github.com/baguetedev/Bazy-Danych-1.git
   1d7d589..578790f  main -> main
>>> Wszystko zsynchronizowane!
>>> Sprawdzam aktualizacje u wszystkich ziomków...
>>> Wykryto nowości. Aktualizuję spis treści i wysyłam na GitHuba...
