\BOOKMARK [0][-]{chapter.1}{\376\377\000R\000o\000z\000d\000z\000i\000a\001\102\000\040\0001\000:\000\040\000K\000o\000n\000t\000r\000o\000l\000a\000\040\000i\000\040\000k\000o\000n\000s\000e\000r\000w\000a\000c\000j\000a}{}% 1
\BOOKMARK [1][-]{section.1.1}{\376\377\000W\000p\000r\000o\000w\000a\000d\000z\000e\000n\000i\000e}{chapter.1}% 2
\BOOKMARK [1][-]{section.1.2}{\376\377\000Z\000a\000r\000z\001\005\000d\000z\000a\000n\000i\000e\000\040\000p\000r\000z\000e\000s\000t\000r\000z\000e\000n\000i\001\005\000\040\000i\000\040\000m\000e\000c\000h\000a\000n\000i\000z\000m\000\040\000w\000s\000p\000\363\001\102\000b\000i\000e\001\174\000n\000o\001\133\000c\000i}{chapter.1}% 3
\BOOKMARK [1][-]{section.1.3}{\376\377\000O\000p\000t\000y\000m\000a\000l\000i\000z\000a\000c\000j\000a\000\040\000i\000\040\000s\000t\000a\000t\000y\000s\000t\000y\000k\000i\000\040\000p\000l\000a\000n\000i\000s\000t\000y\000\040\000z\000a\000p\000y\000t\000a\001\104}{chapter.1}% 4
\BOOKMARK [1][-]{section.1.4}{\376\377\000B\000e\000z\000p\000i\000e\000c\000z\000e\001\104\000s\000t\000w\000o\000\040\000i\000\040\000r\000y\000g\000o\000r\000y\000s\000t\000y\000c\000z\000n\000a\000\040\000k\000o\000n\000t\000r\000o\000l\000a\000\040\000d\000o\000s\000t\001\031\000p\000u}{chapter.1}% 5
\BOOKMARK [1][-]{section.1.5}{\376\377\000S\000t\000r\000a\000t\000e\000g\000i\000e\000\040\000z\000a\000b\000e\000z\000p\000i\000e\000c\000z\000a\000n\000i\000a\000\040\000p\000r\000z\000e\000d\000\040\000u\000t\000r\000a\000t\001\005\000\040\000d\000a\000n\000y\000c\000h}{chapter.1}% 6
\BOOKMARK [1][-]{section.1.6}{\376\377\000P\000o\000d\000s\000u\000m\000o\000w\000a\000n\000i\000e}{chapter.1}% 7
\BOOKMARK [0][-]{chapter.2}{\376\377\000B\000a\000d\000a\000n\000i\000a\000\040\000l\000i\000t\000e\000r\000a\000t\000u\000r\000o\000w\000e}{}% 8
\BOOKMARK [1][-]{section.2.1}{\376\377\000S\000p\000r\000z\001\031\000t\000\040\000d\000l\000a\000\040\000b\000a\000z\000y\000\040\000d\000a\000n\000y\000c\000h}{chapter.2}% 9
\BOOKMARK [1][-]{section.2.2}{\376\377\000K\000o\000n\000f\000i\000g\000u\000r\000a\000c\000j\000a\000\040\000b\000a\000z\000y\000\040\000d\000a\000n\000y\000c\000h\000\040\000P\000o\000s\000t\000g\000r\000e\000S\000Q\000L}{chapter.2}% 10
\BOOKMARK [2][-]{subsection.2.2.1}{\376\377\000W\000s\000t\001\031\000p}{section.2.2}% 11
\BOOKMARK [2][-]{subsection.2.2.2}{\376\377\000P\000o\000d\000s\000t\000a\000w\000o\000w\000e\000\040\000p\000a\000r\000a\000m\000e\000t\000r\000y}{section.2.2}% 12
\BOOKMARK [2][-]{subsection.2.2.3}{\376\377\000L\000o\000k\000a\000l\000i\000z\000a\000c\000j\000a\000\040\000i\000\040\000s\000t\000r\000u\000k\000t\000u\000r\000a\000\040\000k\000a\000t\000a\000l\000o\000g\000\363\000w\000\040\000P\000o\000s\000t\000g\000r\000e\000S\000Q\000L}{section.2.2}% 13
\BOOKMARK [2][-]{subsection.2.2.4}{\376\377\001\132\000r\000o\000d\000o\000w\000i\000s\000k\000a\000\040\000i\000\040\000p\000r\000o\000f\000i\000l\000e}{section.2.2}% 14
\BOOKMARK [2][-]{subsection.2.2.5}{\376\377\000A\000u\000t\000o\000m\000a\000t\000y\000z\000a\000c\000j\000a}{section.2.2}% 15
\BOOKMARK [2][-]{subsection.2.2.6}{\376\377\000P\000r\000z\000y\000k\001\102\000a\000d\000y}{section.2.2}% 16
\BOOKMARK [2][-]{subsection.2.2.7}{\376\377\000N\000a\000j\000l\000e\000p\000s\000z\000e\000\040\000p\000r\000a\000k\000t\000y\000k\000i}{section.2.2}% 17
\BOOKMARK [2][-]{subsection.2.2.8}{\376\377\000P\000o\000d\000s\000u\000m\000o\000w\000a\000n\000i\000e}{section.2.2}% 18
\BOOKMARK [2][-]{subsection.2.2.9}{\376\377\000S\000z\000c\000z\000e\000g\000\363\001\102\000o\000w\000e\000\040\000o\000m\000\363\000w\000i\000e\000n\000i\000e\000\040\000p\000l\000i\000k\000\363\000w\000\040\000k\000o\000n\000f\000i\000g\000u\000r\000a\000c\000y\000j\000n\000y\000c\000h}{section.2.2}% 19
\BOOKMARK [2][-]{subsection.2.2.10}{\376\377\000p\000o\000s\000t\000g\000r\000e\000s\000q\000l\000.\000c\000o\000n\000f}{section.2.2}% 20
\BOOKMARK [3][-]{subsubsection*.3}{\376\377\000N\000a\000j\000w\000a\001\174\000n\000i\000e\000j\000s\000z\000e\000\040\000p\000a\000r\000a\000m\000e\000t\000r\000y}{subsection.2.2.10}% 21
\BOOKMARK [4][-]{paragraph*.4}{\376\377\000P\000o\001\102\001\005\000c\000z\000e\000n\000i\000a\000\040\000s\000i\000e\000c\000i\000o\000w\000e}{subsubsection*.3}% 22
\BOOKMARK [4][-]{paragraph*.5}{\376\377\000P\000a\000m\000i\001\031\001\007\000\040\000i\000\040\000w\000y\000d\000a\000j\000n\000o\001\133\001\007}{subsubsection*.3}% 23
\BOOKMARK [4][-]{paragraph*.6}{\376\377\000L\000o\000g\000o\000w\000a\000n\000i\000e}{subsubsection*.3}% 24
\BOOKMARK [4][-]{paragraph*.7}{\376\377\000B\000e\000z\000p\000i\000e\000c\000z\000e\001\104\000s\000t\000w\000o}{subsubsection*.3}% 25
\BOOKMARK [4][-]{paragraph*.8}{\376\377\000R\000e\000p\000l\000i\000k\000a\000c\000j\000a\000\040\000i\000\040\000W\000A\000L}{subsubsection*.3}% 26
\BOOKMARK [3][-]{subsubsection*.9}{\376\377\000P\000r\000z\000y\000k\001\102\000a\000d\000o\000w\000a\000\040\000k\000o\000n\000f\000i\000g\000u\000r\000a\000c\000j\000a}{subsection.2.2.10}% 27
\BOOKMARK [3][-]{subsubsection*.10}{\376\377\000W\000e\000r\000y\000f\000i\000k\000a\000c\000j\000a\000\040\000k\000o\000n\000f\000i\000g\000u\000r\000a\000c\000j\000i}{subsection.2.2.10}% 28
\BOOKMARK [2][-]{subsection.2.2.11}{\376\377\000p\000g\000\137\000h\000b\000a\000.\000c\000o\000n\000f}{section.2.2}% 29
\BOOKMARK [3][-]{subsubsection*.11}{\376\377\000S\000k\001\102\000a\000d\000n\000i\000a\000\040\000w\000p\000i\000s\000u}{subsection.2.2.11}% 30
\BOOKMARK [3][-]{subsubsection*.12}{\376\377\000N\000a\000j\000c\000z\001\031\001\133\000c\000i\000e\000j\000\040\000u\001\174\000y\000w\000a\000n\000e\000\040\000m\000e\000t\000o\000d\000y\000\040\000u\000w\000i\000e\000r\000z\000y\000t\000e\000l\000n\000i\000a\000n\000i\000a}{subsection.2.2.11}% 31
\BOOKMARK [3][-]{subsubsection*.13}{\376\377\000P\000r\000z\000y\000k\001\102\000a\000d\000o\000w\000a\000\040\000k\000o\000n\000f\000i\000g\000u\000r\000a\000c\000j\000a}{subsection.2.2.11}% 32
\BOOKMARK [3][-]{subsubsection*.14}{\376\377\000N\000a\000j\000l\000e\000p\000s\000z\000e\000\040\000p\000r\000a\000k\000t\000y\000k\000i}{subsection.2.2.11}% 33
\BOOKMARK [2][-]{subsection.2.2.12}{\376\377\000p\000g\000\137\000i\000d\000e\000n\000t\000.\000c\000o\000n\000f}{section.2.2}% 34
\BOOKMARK [3][-]{subsubsection*.15}{\376\377\000Z\000a\000s\000t\000o\000s\000o\000w\000a\000n\000i\000e}{subsection.2.2.12}% 35
\BOOKMARK [3][-]{subsubsection*.16}{\376\377\000S\000k\001\102\000a\000d\000n\000i\000a\000\040\000w\000p\000i\000s\000u}{subsection.2.2.12}% 36
\BOOKMARK [3][-]{subsubsection*.17}{\376\377\000P\000r\000z\000y\000k\001\102\000a\000d\000o\000w\000a\000\040\000k\000o\000n\000f\000i\000g\000u\000r\000a\000c\000j\000a}{subsection.2.2.12}% 37
\BOOKMARK [3][-]{subsubsection*.18}{\376\377\000N\000a\000j\000l\000e\000p\000s\000z\000e\000\040\000p\000r\000a\000k\000t\000y\000k\000i}{subsection.2.2.12}% 38
\BOOKMARK [1][-]{section.2.3}{\376\377\000M\000o\000n\000i\000t\000o\000r\000o\000w\000a\000n\000i\000e\000\040\000i\000\040\000d\000i\000a\000g\000n\000o\000s\000t\000y\000k\000a}{chapter.2}% 39
\BOOKMARK [1][-]{section.2.4}{\376\377\000P\000a\000r\000t\000y\000c\000j\000o\000n\000o\000w\000a\000n\000i\000e\000\040\000d\000a\000n\000y\000c\000h}{chapter.2}% 40
\BOOKMARK [1][-]{section.2.5}{\376\377\000B\000e\000z\000p\000i\000e\000c\000z\000e\001\104\000s\000t\000w\000o}{chapter.2}% 41
\BOOKMARK [1][-]{section.2.6}{\376\377\000S\000p\000r\000a\000w\000o\000z\000d\000a\000n\000i\000e\000\040\000z\000\040\000l\000a\000b\000o\000r\000a\000t\000o\000r\000i\000u\000m\000\040\000d\000o\000c\000u\000m\000e\000n\000t\000a\000t\000i\000o\000n}{chapter.2}% 42
\BOOKMARK [2][-]{subsection.2.6.1}{\376\377\000W\000p\000r\000o\000w\000a\000d\000z\000e\000n\000i\000e}{section.2.6}% 43
\BOOKMARK [2][-]{subsection.2.6.2}{\376\377\000B\000a\000d\000a\000n\000i\000a\000\040\000l\000i\000t\000e\000r\000a\000t\000u\000r\000o\000w\000e}{section.2.6}% 44
\BOOKMARK [2][-]{subsection.2.6.3}{\376\377\000Z\000a\000d\000a\000n\000i\000a}{section.2.6}% 45
\BOOKMARK [0][-]{chapter.3}{\376\377\000R\000o\000z\000d\000z\000i\000a\000l\000\040\0003\000:\000\040\000P\000r\000o\000j\000e\000k\000t\000o\000w\000a\000n\000i\000e\000\040\000B\000a\000z\000y\000\040\000D\000a\000n\000y\000c\000h\000:\000\040\000S\000y\000s\000t\000e\000m\000\040\000Z\000a\000r\000z\001\005\000d\000z\000a\000n\000i\000a\000\040\000B\000i\000b\000l\000i\000o\000t\000e\000k\001\005}{}% 46
\BOOKMARK [1][-]{section.3.1}{\376\377\000W\000y\000b\000\363\000r\000\040\000z\000a\000g\000a\000d\000n\000i\000e\000n\000i\000a\000,\000\040\000o\000p\000i\000s\000\040\000p\000r\000o\000c\000e\000s\000\363\000w\000\040\000i\000\040\000d\000a\000n\000y\000c\000h}{chapter.3}% 47
\BOOKMARK [2][-]{subsection.3.1.1}{\376\377\000W\000y\000b\000r\000a\000n\000e\000\040\000z\000a\000g\000a\000d\000n\000i\000e\000n\000i\000e\000:}{section.3.1}% 48
\BOOKMARK [2][-]{subsection.3.1.2}{\376\377\000O\000p\000i\000s\000\040\000p\000r\000o\000c\000e\000s\000\363\000w\000\040\000i\000\040\000w\000i\001\031\000z\000y\000\040\000i\000n\000t\000e\000g\000r\000a\000l\000n\000o\001\133\000c\000i\000:}{section.3.1}% 49
\BOOKMARK [2][-]{subsection.3.1.3}{\376\377\000W\000y\000k\000a\000z\000\040\000g\000r\000o\000m\000a\000d\000z\000o\000n\000y\000c\000h\000\040\000d\000a\000n\000y\000c\000h\000:}{section.3.1}% 50
\BOOKMARK [1][-]{section.3.2}{\376\377\000P\000r\000o\000t\000o\000t\000y\000p\000\040\000C\000S\000V}{chapter.3}% 51
\BOOKMARK [1][-]{section.3.3}{\376\377\000M\000o\000d\000e\000l\000\040\000K\000o\000n\000c\000e\000p\000t\000u\000a\000l\000n\000y\000\040\000\050\000P\000o\000j\001\031\000c\000i\000o\000w\000y\000\051}{chapter.3}% 52
\BOOKMARK [2][-]{subsection.3.3.1}{\376\377\000Z\000i\000d\000e\000n\000t\000y\000f\000i\000k\000o\000w\000a\000n\000e\000\040\000e\000n\000c\000j\000e}{section.3.3}% 53
\BOOKMARK [2][-]{subsection.3.3.2}{\376\377\000Z\000d\000e\000f\000i\000n\000i\000o\000w\000a\000n\000e\000\040\000a\000t\000r\000y\000b\000u\000t\000y\000/\000w\001\102\000a\000s\000n\000o\001\133\000c\000i}{section.3.3}% 54
\BOOKMARK [2][-]{subsection.3.3.3}{\376\377\000O\000p\000i\000s\000\040\000z\000w\000i\001\005\000z\000k\000\363\000w}{section.3.3}% 55
\BOOKMARK [2][-]{subsection.3.3.4}{\376\377\000I\000d\000e\000n\000t\000y\000f\000i\000k\000a\000c\000j\000a\000\040\000e\000n\000c\000j\000i\000\040\000s\001\102\000a\000b\000y\000c\000h}{section.3.3}% 56
\BOOKMARK [2][-]{subsection.3.3.5}{\376\377\000S\000c\000h\000e\000m\000a\000t\000\040\000w\000\040\000n\000o\000t\000a\000c\000j\000i\000\040\000C\000h\000e\000n\000a}{section.3.3}% 57
\BOOKMARK [1][-]{section.3.4}{\376\377\000M\000o\000d\000e\000l\000\040\000l\000o\000g\000i\000c\000z\000n\000y\000\040\000i\000\040\000p\000r\000o\000c\000e\000s\000\040\000n\000o\000r\000m\000a\000l\000i\000z\000a\000c\000j\000i}{chapter.3}% 58
\BOOKMARK [2][-]{subsection.3.4.1}{\376\377\000P\000r\000z\000e\000b\000i\000e\000g\000\040\000p\000r\000o\000c\000e\000s\000u\000\040\000n\000o\000r\000m\000a\000l\000i\000z\000a\000c\000j\000i}{section.3.4}% 59
\BOOKMARK [2][-]{subsection.3.4.2}{\376\377\000O\000s\000t\000a\000t\000e\000c\000z\000n\000a\000\040\000s\000t\000r\000u\000k\000t\000u\000r\000a\000\040\000t\000a\000b\000e\000l\000\040\000\050\0003\000N\000F\000\051}{section.3.4}% 60
\BOOKMARK [2][-]{subsection.3.4.3}{\376\377\000D\000i\000a\000g\000r\000a\000m\000\040\000E\000R\000D\000\040\000\050\000M\000o\000d\000e\000l\000\040\000L\000o\000g\000i\000c\000z\000n\000y\000\051}{section.3.4}% 61
\BOOKMARK [1][-]{section.3.5}{\376\377\000M\000o\000d\000e\000l\000\040\000f\000i\000z\000y\000c\000z\000n\000y\000\040\000b\000a\000z\000y\000\040\000d\000a\000n\000y\000c\000h}{chapter.3}% 62
\BOOKMARK [2][-]{subsection.3.5.1}{\376\377\000M\000o\000d\000e\000l\000\040\000f\000i\000z\000y\000c\000z\000n\000y\000\040\000d\000l\000a\000\040\001\133\000r\000o\000d\000o\000w\000i\000s\000k\000a\000\040\000S\000Q\000L\000i\000t\000e}{section.3.5}% 63
\BOOKMARK [2][-]{subsection.3.5.2}{\376\377\000M\000o\000d\000e\000l\000\040\000f\000i\000z\000y\000c\000z\000n\000y\000\040\000d\000l\000a\000\040\001\133\000r\000o\000d\000o\000w\000i\000s\000k\000a\000\040\000P\000o\000s\000t\000g\000r\000e\000S\000Q\000L}{section.3.5}% 64
\BOOKMARK [0][-]{chapter.4}{\376\377\000R\000o\000z\000d\000z\000i\000a\001\102\000\040\0004\000:\000\040\000I\000m\000p\000l\000e\000m\000e\000n\000t\000a\000c\000j\000a\000\040\000f\000i\000z\000y\000c\000z\000n\000a\000\040\000i\000\040\000z\000a\000s\000i\000l\000a\000n\000i\000e\000\040\000b\000a\000z\000y\000\040\000d\000a\000n\000y\000c\000h}{}% 65
\BOOKMARK [1][-]{section.4.1}{\376\377\000D\000e\000f\000i\000n\000i\000c\000j\000a\000\040\000f\000i\000z\000y\000c\000z\000n\000a\000\040\000b\000a\000z\000y\000\040\000d\000a\000n\000y\000c\000h\000\040\000\050\000Z\000a\000d\000a\000n\000i\000e\000\040\0001\000\051}{chapter.4}% 66
\BOOKMARK [2][-]{subsection.4.1.1}{\376\377\000S\000k\000r\000y\000p\000t\000\040\000d\000l\000a\000\040\001\133\000r\000o\000d\000o\000w\000i\000s\000k\000a\000\040\000P\000o\000s\000t\000g\000r\000e\000S\000Q\000L}{section.4.1}% 67
\BOOKMARK [2][-]{subsection.4.1.2}{\376\377\000S\000k\000r\000y\000p\000t\000\040\000d\000l\000a\000\040\001\133\000r\000o\000d\000o\000w\000i\000s\000k\000a\000\040\000S\000Q\000L\000i\000t\000e}{section.4.1}% 68
\BOOKMARK [1][-]{section.4.2}{\376\377\000M\000e\000c\000h\000a\000n\000i\000z\000m\000\040\000z\000a\000s\000i\000l\000a\000n\000i\000a\000\040\000b\000a\000z\000y\000\040\000d\000a\000n\000y\000c\000h\000\040\000\050\000Z\000a\000d\000a\000n\000i\000e\000\040\0002\000\051}{chapter.4}% 69
\BOOKMARK [2][-]{subsection.4.2.1}{\376\377\000F\000o\000r\000m\000a\000t\000y\000z\000a\000c\000j\000a\000\040\000d\000a\000n\000y\000c\000h\000\040\000\050\000P\000l\000i\000k\000i\000\040\000C\000S\000V\000\051}{section.4.2}% 70
\BOOKMARK [2][-]{subsection.4.2.2}{\376\377\000I\000m\000p\000l\000e\000m\000e\000n\000t\000a\000c\000j\000a\000\040\000m\000e\000c\000h\000a\000n\000i\000z\000m\000u\000\040\000i\000m\000p\000o\000r\000t\000u}{section.4.2}% 71
\BOOKMARK [1][-]{section.4.3}{\376\377\000P\000o\000d\000s\000u\000m\000o\000w\000a\000n\000i\000e}{chapter.4}% 72
