\BOOKMARK [0][-]{chapter.1}{\376\377\000W\000p\000r\000o\000w\000a\000d\000z\000e\000n\000i\000e}{}% 1
\BOOKMARK [1][-]{section.1.1}{\376\377\000W\000s\000t\001\031\000p\000\040\000o\000r\000a\000z\000\040\000l\000i\000n\000k\000i}{chapter.1}% 2
\BOOKMARK [2][-]{subsection.1.1.1}{\376\377\000W\000s\000t\001\031\000p\000\040\000d\000o\000\040\000s\000p\000r\000a\000w\000o\000z\000d\000a\000n\000i\000a}{section.1.1}% 3
\BOOKMARK [2][-]{subsection.1.1.2}{\376\377\000W\000y\000k\000a\000z\000\040\000r\000e\000p\000o\000z\000y\000t\000o\000r\000i\000\363\000w\000\040\000\050\000L\000i\000n\000k\000i\000\051}{section.1.1}% 4
\BOOKMARK [3][-]{subsubsection*.3}{\376\377\0001\000.\000\040\000G\001\102\000\363\000w\000n\000e\000\040\000r\000e\000p\000o\000z\000y\000t\000o\000r\000i\000u\000m\000\040\000s\000p\000r\000a\000w\000o\000z\000d\000a\000n\000i\000a\000\040\000\050\000D\000o\000k\000u\000m\000e\000n\000t\000a\000c\000j\000a\000\040\000S\000p\000h\000i\000n\000x\000\051}{subsection.1.1.2}% 5
\BOOKMARK [3][-]{subsubsection*.4}{\376\377\0002\000.\000\040\000R\000e\000p\000o\000z\000y\000t\000o\000r\000i\000u\000m\000\040\000z\000\040\000p\000l\000i\000k\000a\000m\000i\000\040\000p\000r\000o\000j\000e\000k\000t\000o\000w\000y\000m\000i}{subsection.1.1.2}% 6
\BOOKMARK [3][-]{subsubsection*.5}{\376\377\0003\000.\000\040\000R\000e\000p\000o\000z\000y\000t\000o\000r\000i\000a\000\040\000r\000e\000s\000z\000t\000y\000\040\000g\000r\000u\000p\000y}{subsection.1.1.2}% 7
\BOOKMARK [1][-]{section.1.2}{\376\377\000B\000a\000d\000a\000n\000i\000a\000\040\000l\000i\000t\000e\000r\000a\000t\000u\000r\000o\000w\000e}{chapter.1}% 8
\BOOKMARK [2][-]{subsection.1.2.1}{\376\377\000S\000p\000r\000z\001\031\000t\000\040\000d\000l\000a\000\040\000b\000a\000z\000y\000\040\000d\000a\000n\000y\000c\000h}{section.1.2}% 9
\BOOKMARK [2][-]{subsection.1.2.2}{\376\377\000K\000o\000n\000f\000i\000g\000u\000r\000a\000c\000j\000a\000\040\000b\000a\000z\000y\000\040\000d\000a\000n\000y\000c\000h\000\040\000P\000o\000s\000t\000g\000r\000e\000S\000Q\000L}{section.1.2}% 10
\BOOKMARK [3][-]{subsubsection*.6}{\376\377\000W\000s\000t\001\031\000p}{subsection.1.2.2}% 11
\BOOKMARK [3][-]{subsubsection*.7}{\376\377\000P\000o\000d\000s\000t\000a\000w\000o\000w\000e\000\040\000p\000a\000r\000a\000m\000e\000t\000r\000y}{subsection.1.2.2}% 12
\BOOKMARK [3][-]{subsubsection*.8}{\376\377\000L\000o\000k\000a\000l\000i\000z\000a\000c\000j\000a\000\040\000i\000\040\000s\000t\000r\000u\000k\000t\000u\000r\000a\000\040\000k\000a\000t\000a\000l\000o\000g\000\363\000w\000\040\000P\000o\000s\000t\000g\000r\000e\000S\000Q\000L}{subsection.1.2.2}% 13
\BOOKMARK [3][-]{subsubsection*.9}{\376\377\001\132\000r\000o\000d\000o\000w\000i\000s\000k\000a\000\040\000i\000\040\000p\000r\000o\000f\000i\000l\000e}{subsection.1.2.2}% 14
\BOOKMARK [3][-]{subsubsection*.10}{\376\377\000A\000u\000t\000o\000m\000a\000t\000y\000z\000a\000c\000j\000a}{subsection.1.2.2}% 15
\BOOKMARK [3][-]{subsubsection*.11}{\376\377\000P\000r\000z\000y\000k\001\102\000a\000d\000y}{subsection.1.2.2}% 16
\BOOKMARK [3][-]{subsubsection*.12}{\376\377\000N\000a\000j\000l\000e\000p\000s\000z\000e\000\040\000p\000r\000a\000k\000t\000y\000k\000i}{subsection.1.2.2}% 17
\BOOKMARK [3][-]{subsubsection*.13}{\376\377\000P\000o\000d\000s\000u\000m\000o\000w\000a\000n\000i\000e}{subsection.1.2.2}% 18
\BOOKMARK [3][-]{subsubsection*.14}{\376\377\000S\000z\000c\000z\000e\000g\000\363\001\102\000o\000w\000e\000\040\000o\000m\000\363\000w\000i\000e\000n\000i\000e\000\040\000p\000l\000i\000k\000\363\000w\000\040\000k\000o\000n\000f\000i\000g\000u\000r\000a\000c\000y\000j\000n\000y\000c\000h}{subsection.1.2.2}% 19
\BOOKMARK [3][-]{subsubsection*.15}{\376\377\000p\000o\000s\000t\000g\000r\000e\000s\000q\000l\000.\000c\000o\000n\000f}{subsection.1.2.2}% 20
\BOOKMARK [4][-]{paragraph*.16}{\376\377\000N\000a\000j\000w\000a\001\174\000n\000i\000e\000j\000s\000z\000e\000\040\000p\000a\000r\000a\000m\000e\000t\000r\000y}{subsubsection*.15}% 21
\BOOKMARK [5][-]{subparagraph*.17}{\376\377\000P\000o\001\102\001\005\000c\000z\000e\000n\000i\000a\000\040\000s\000i\000e\000c\000i\000o\000w\000e}{paragraph*.16}% 22
\BOOKMARK [5][-]{subparagraph*.18}{\376\377\000P\000a\000m\000i\001\031\001\007\000\040\000i\000\040\000w\000y\000d\000a\000j\000n\000o\001\133\001\007}{paragraph*.16}% 23
\BOOKMARK [5][-]{subparagraph*.19}{\376\377\000L\000o\000g\000o\000w\000a\000n\000i\000e}{paragraph*.16}% 24
\BOOKMARK [5][-]{subparagraph*.20}{\376\377\000B\000e\000z\000p\000i\000e\000c\000z\000e\001\104\000s\000t\000w\000o}{paragraph*.16}% 25
\BOOKMARK [5][-]{subparagraph*.21}{\376\377\000R\000e\000p\000l\000i\000k\000a\000c\000j\000a\000\040\000i\000\040\000W\000A\000L}{paragraph*.16}% 26
\BOOKMARK [4][-]{paragraph*.22}{\376\377\000P\000r\000z\000y\000k\001\102\000a\000d\000o\000w\000a\000\040\000k\000o\000n\000f\000i\000g\000u\000r\000a\000c\000j\000a}{subsubsection*.15}% 27
\BOOKMARK [4][-]{paragraph*.23}{\376\377\000W\000e\000r\000y\000f\000i\000k\000a\000c\000j\000a\000\040\000k\000o\000n\000f\000i\000g\000u\000r\000a\000c\000j\000i}{subsubsection*.15}% 28
\BOOKMARK [3][-]{subsubsection*.24}{\376\377\000p\000g\000\137\000h\000b\000a\000.\000c\000o\000n\000f}{subsection.1.2.2}% 29
\BOOKMARK [4][-]{paragraph*.25}{\376\377\000S\000k\001\102\000a\000d\000n\000i\000a\000\040\000w\000p\000i\000s\000u}{subsubsection*.24}% 30
\BOOKMARK [4][-]{paragraph*.26}{\376\377\000N\000a\000j\000c\000z\001\031\001\133\000c\000i\000e\000j\000\040\000u\001\174\000y\000w\000a\000n\000e\000\040\000m\000e\000t\000o\000d\000y\000\040\000u\000w\000i\000e\000r\000z\000y\000t\000e\000l\000n\000i\000a\000n\000i\000a}{subsubsection*.24}% 31
\BOOKMARK [4][-]{paragraph*.27}{\376\377\000P\000r\000z\000y\000k\001\102\000a\000d\000o\000w\000a\000\040\000k\000o\000n\000f\000i\000g\000u\000r\000a\000c\000j\000a}{subsubsection*.24}% 32
\BOOKMARK [4][-]{paragraph*.28}{\376\377\000N\000a\000j\000l\000e\000p\000s\000z\000e\000\040\000p\000r\000a\000k\000t\000y\000k\000i}{subsubsection*.24}% 33
\BOOKMARK [3][-]{subsubsection*.29}{\376\377\000p\000g\000\137\000i\000d\000e\000n\000t\000.\000c\000o\000n\000f}{subsection.1.2.2}% 34
\BOOKMARK [4][-]{paragraph*.30}{\376\377\000Z\000a\000s\000t\000o\000s\000o\000w\000a\000n\000i\000e}{subsubsection*.29}% 35
\BOOKMARK [4][-]{paragraph*.31}{\376\377\000S\000k\001\102\000a\000d\000n\000i\000a\000\040\000w\000p\000i\000s\000u}{subsubsection*.29}% 36
\BOOKMARK [4][-]{paragraph*.32}{\376\377\000P\000r\000z\000y\000k\001\102\000a\000d\000o\000w\000a\000\040\000k\000o\000n\000f\000i\000g\000u\000r\000a\000c\000j\000a}{subsubsection*.29}% 37
\BOOKMARK [4][-]{paragraph*.33}{\376\377\000N\000a\000j\000l\000e\000p\000s\000z\000e\000\040\000p\000r\000a\000k\000t\000y\000k\000i}{subsubsection*.29}% 38
\BOOKMARK [2][-]{subsection.1.2.3}{\376\377\000K\000o\000n\000t\000r\000o\000l\000a\000\040\000i\000\040\000k\000o\000n\000s\000e\000r\000w\000a\000c\000j\000a}{section.1.2}% 39
\BOOKMARK [3][-]{subsubsection*.34}{\376\377\000W\000p\000r\000o\000w\000a\000d\000z\000e\000n\000i\000e\000\040\000i\000\040\000p\000l\000a\000n\000o\000w\000a\000n\000i\000e\000\040\000k\000o\000n\000s\000e\000r\000w\000a\000c\000j\000i}{subsection.1.2.3}% 40
\BOOKMARK [3][-]{subsubsection*.35}{\376\377\000Z\000a\000r\000z\001\005\000d\000z\000a\000n\000i\000e\000\040\000s\000t\000a\000n\000e\000m\000\040\000s\000e\000r\000w\000e\000r\000a\000\040\000i\000\040\000s\000e\000s\000j\000a\000m\000i}{subsection.1.2.3}% 41
\BOOKMARK [3][-]{subsubsection*.36}{\376\377\000P\000r\000o\000c\000e\000s\000\040\000V\000a\000c\000u\000u\000m}{subsection.1.2.3}% 42
\BOOKMARK [3][-]{subsubsection*.37}{\376\377\000Z\000a\000r\000z\001\005\000d\000z\000a\000n\000i\000e\000\040\000t\000r\000a\000n\000s\000a\000k\000c\000j\000a\000m\000i\000\040\000i\000\040\000s\000c\000h\000e\000m\000a\000t\000y\000\040\000\050\000S\000C\000H\000E\000M\000A\000\051}{subsection.1.2.3}% 43
\BOOKMARK [3][-]{subsubsection*.38}{\376\377\000Z\000a\000r\000z\001\005\000d\000z\000a\000n\000i\000e\000\040\000i\000n\000d\000e\000k\000s\000a\000m\000i}{subsection.1.2.3}% 44
\BOOKMARK [3][-]{subsubsection*.39}{\376\377\000P\000o\000d\000s\000u\000m\000o\000w\000a\000n\000i\000e}{subsection.1.2.3}% 45
\BOOKMARK [2][-]{subsection.1.2.4}{\376\377\000M\000o\000n\000i\000t\000o\000r\000o\000w\000a\000n\000i\000e\000\040\000i\000\040\000d\000i\000a\000g\000n\000o\000s\000t\000y\000k\000a}{section.1.2}% 46
\BOOKMARK [3][-]{subsubsection*.40}{\376\377\000W\000s\000t\001\031\000p}{subsection.1.2.4}% 47
\BOOKMARK [3][-]{subsubsection*.41}{\376\377\000S\000e\000s\000j\000e\000\040\000i\000\040\000u\001\174\000y\000t\000k\000o\000w\000n\000i\000c\000y}{subsection.1.2.4}% 48
\BOOKMARK [3][-]{subsubsection*.44}{\376\377\001\132\000l\000e\000d\000z\000e\000n\000i\000e\000\040\000d\000o\000s\000t\001\031\000p\000u\000\040\000u\001\174\000y\000t\000k\000o\000w\000n\000i\000k\000\363\000w\000\040\000d\000o\000\040\000t\000a\000b\000e\000l}{subsection.1.2.4}% 49
\BOOKMARK [3][-]{subsubsection*.46}{\376\377\000B\001\102\001\031\000d\000y\000\040\000d\000z\000i\000e\000n\000n\000i\000k\000a\000,\000\040\000l\000o\000g\000i\000\040\000i\000\040\000r\000a\000p\000o\000r\000t\000y}{subsection.1.2.4}% 50
\BOOKMARK [3][-]{subsubsection*.49}{\376\377\000M\000o\000n\000i\000t\000o\000r\000o\000w\000a\000n\000i\000e\000\040\000n\000a\000\040\000p\000o\000z\000i\000o\000m\000i\000e\000\040\000s\000y\000s\000t\000e\000m\000u\000\040\000o\000p\000e\000r\000a\000c\000y\000j\000n\000e\000g\000o}{subsection.1.2.4}% 51
\BOOKMARK [3][-]{subsubsection*.50}{\376\377\000M\000o\000n\000i\000t\000o\000r\000o\000w\000a\000n\000i\000e\000\040\000s\000e\000r\000w\000e\000r\000a}{subsection.1.2.4}% 52
\BOOKMARK [3][-]{subsubsection*.53}{\376\377\000Z\000n\000a\000c\000z\000e\000n\000i\000e\000\040\000m\000o\000n\000i\000t\000o\000r\000o\000w\000a\000n\000i\000a\000\040\000i\000\040\000d\000i\000a\000g\000n\000o\000s\000t\000y\000k\000i\000\040\000w\000\040\000b\000a\000z\000a\000c\000h\000\040\000d\000a\000n\000y\000c\000h}{subsection.1.2.4}% 53
\BOOKMARK [3][-]{subsubsection*.54}{\376\377\000P\000o\000d\000s\000u\000m\000o\000w\000a\000n\000i\000e}{subsection.1.2.4}% 54
\BOOKMARK [3][-]{subsubsection*.55}{\376\377\001\171\000r\000\363\000d\001\102\000a}{subsection.1.2.4}% 55
\BOOKMARK [2][-]{subsection.1.2.5}{\376\377\000W\000y\000d\000a\000j\000n\000o\001\133\001\007\000,\000\040\000s\000k\000a\000l\000o\000w\000a\000n\000i\000e\000\040\000i\000\040\000r\000e\000p\000l\000i\000k\000a\000c\000j\000a\000\040\000d\000a\000n\000y\000c\000h}{section.1.2}% 56
\BOOKMARK [3][-]{subsubsection*.56}{\376\377\000W\000s\000t\001\031\000p}{subsection.1.2.5}% 57
\BOOKMARK [3][-]{subsubsection*.58}{\376\377\000W\000y\000d\000a\000j\000n\000o\001\133\001\007\000\040\000b\000a\000z\000\040\000d\000a\000n\000y\000c\000h}{subsection.1.2.5}% 58
\BOOKMARK [3][-]{subsubsection*.60}{\376\377\000S\000k\000a\000l\000o\000w\000a\000n\000i\000e\000:\000\040\000P\000i\000o\000n\000o\000w\000e\000\040\000v\000s\000.\000\040\000P\000o\000z\000i\000o\000m\000e}{subsection.1.2.5}% 59
\BOOKMARK [3][-]{subsubsection*.62}{\376\377\000R\000e\000p\000l\000i\000k\000a\000c\000j\000a\000\040\000d\000a\000n\000y\000c\000h\000\040\000i\000\040\000w\000y\000s\000o\000k\000a\000\040\000d\000o\000s\000t\001\031\000p\000n\000o\001\133\001\007}{subsection.1.2.5}% 60
\BOOKMARK [3][-]{subsubsection*.64}{\376\377\000W\000y\000z\000w\000a\000n\000i\000a\000\040\000i\000\040\000k\000o\000m\000p\000r\000o\000m\000i\000s\000y\000\040\000a\000r\000c\000h\000i\000t\000e\000k\000t\000o\000n\000i\000c\000z\000n\000e}{subsection.1.2.5}% 61
\BOOKMARK [3][-]{subsubsection*.66}{\376\377\000P\000o\000d\000s\000u\000m\000o\000w\000a\000n\000i\000e}{subsection.1.2.5}% 62
\BOOKMARK [2][-]{subsection.1.2.6}{\376\377\000P\000a\000r\000t\000y\000c\000j\000o\000n\000o\000w\000a\000n\000i\000e\000\040\000d\000a\000n\000y\000c\000h}{section.1.2}% 63
\BOOKMARK [2][-]{subsection.1.2.7}{\376\377\000B\000e\000z\000p\000i\000e\000c\000z\000e\001\104\000s\000t\000w\000o\000\040\000B\000a\000z\000\040\000D\000a\000n\000y\000c\000h}{section.1.2}% 64
\BOOKMARK [3][-]{subsubsection*.67}{\376\377\0001\000.\000\040\000M\000o\000d\000e\000l\000\040\000b\000e\000z\000p\000i\000e\000c\000z\000e\001\104\000s\000t\000w\000a\000\040\000C\000I\000A\000\040\000i\000\040\000o\000c\000h\000r\000o\000n\000a\000\040\000i\000n\000f\000r\000a\000s\000t\000r\000u\000k\000t\000u\000r\000y}{subsection.1.2.7}% 65
\BOOKMARK [4][-]{paragraph*.68}{\376\377\000T\000r\000i\000a\000d\000a\000\040\000C\000I\000A\000\040\000w\000\040\001\133\000r\000o\000d\000o\000w\000i\000s\000k\000u\000\040\000b\000a\000z\000o\000d\000a\000n\000o\000w\000y\000m}{subsubsection*.67}% 66
\BOOKMARK [4][-]{paragraph*.69}{\376\377\000I\000z\000o\000l\000a\000c\000j\000a\000\040\000s\000i\000e\000c\000i\000o\000w\000a\000\040\000i\000\040\000a\000r\000c\000h\000i\000t\000e\000k\000t\000u\000r\000a\000\040\000c\000h\000m\000u\000r\000o\000w\000a\000\040\000\050\000V\000P\000C\000\051}{subsubsection*.67}% 67
\BOOKMARK [4][-]{paragraph*.70}{\376\377\000K\000o\000n\000t\000e\000n\000e\000r\000y\000z\000a\000c\000j\000a\000\040\000a\000\040\000b\000e\000z\000p\000i\000e\000c\000z\000e\001\104\000s\000t\000w\000o\000\040\000b\000a\000z\000y}{subsubsection*.67}% 68
\BOOKMARK [3][-]{subsubsection*.71}{\376\377\0002\000.\000\040\000A\000t\000a\000k\000i\000\040\000n\000a\000\040\000b\000a\000z\000y\000\040\000d\000a\000n\000y\000c\000h\000\040\000i\000\040\000l\000u\000k\000i\000\040\000w\000\040\000z\000a\000b\000e\000z\000p\000i\000e\000c\000z\000e\000n\000i\000a\000c\000h}{subsection.1.2.7}% 69
\BOOKMARK [4][-]{paragraph*.72}{\376\377\000W\000s\000t\000r\000z\000y\000k\000i\000w\000a\000n\000i\000e\000\040\000k\000o\000d\000u\000\040\000S\000Q\000L\000\040\000\050\000S\000Q\000L\000\040\000I\000n\000j\000e\000c\000t\000i\000o\000n\000\051}{subsubsection*.71}% 70
\BOOKMARK [4][-]{paragraph*.73}{\376\377\000A\000t\000a\000k\000i\000\040\000N\000o\000S\000Q\000L\000\040\000I\000n\000j\000e\000c\000t\000i\000o\000n}{subsubsection*.71}% 71
\BOOKMARK [4][-]{paragraph*.74}{\376\377\000P\000r\000z\000e\000p\000e\001\102\000n\000i\000e\000n\000i\000e\000\040\000b\000u\000f\000o\000r\000a\000\040\000\050\000B\000u\000f\000f\000e\000r\000\040\000O\000v\000e\000r\000f\000l\000o\000w\000\051\000\040\000w\000\040\000D\000B\000M\000S}{subsubsection*.71}% 72
\BOOKMARK [4][-]{paragraph*.75}{\376\377\000O\000d\000m\000o\000w\000a\000\040\000U\000s\001\102\000u\000g\000i\000\040\000\050\000D\000o\000S\000\051\000\040\000n\000a\000\040\000p\000o\000z\000i\000o\000m\000i\000e\000\040\000b\000a\000z\000y\000\040\000d\000a\000n\000y\000c\000h}{subsubsection*.71}% 73
\BOOKMARK [4][-]{paragraph*.76}{\376\377\000A\000u\000t\000o\000m\000a\000t\000y\000z\000a\000c\000j\000a\000\040\000a\000t\000a\000k\000\363\000w\000:\000\040\000N\000a\000r\000z\001\031\000d\000z\000i\000a\000\040\000a\000u\000d\000y\000t\000o\000w\000e}{subsubsection*.71}% 74
\BOOKMARK [3][-]{subsubsection*.77}{\376\377\0003\000.\000\040\000Z\000a\000r\000z\001\005\000d\000z\000a\000n\000i\000e\000\040\000t\000o\001\174\000s\000a\000m\000o\001\133\000c\000i\001\005\000,\000\040\000u\000w\000i\000e\000r\000z\000y\000t\000e\000l\000n\000i\000a\000n\000i\000e\000\040\000i\000\040\000a\000u\000t\000o\000r\000y\000z\000a\000c\000j\000a}{subsection.1.2.7}% 75
\BOOKMARK [4][-]{paragraph*.78}{\376\377\000U\000w\000i\000e\000r\000z\000y\000t\000e\000l\000n\000i\000a\000n\000i\000e\000\040\000w\000\040\000b\000a\000z\000a\000c\000h\000\040\000d\000a\000n\000y\000c\000h}{subsubsection*.77}% 76
\BOOKMARK [4][-]{paragraph*.79}{\376\377\000A\000u\000t\000o\000r\000y\000z\000a\000c\000j\000a\000\040\000i\000\040\000m\000o\000d\000e\000l\000e\000\040\000k\000o\000n\000t\000r\000o\000l\000i\000\040\000d\000o\000s\000t\001\031\000p\000u}{subsubsection*.77}% 77
\BOOKMARK [4][-]{paragraph*.80}{\376\377\000B\000e\000z\000p\000i\000e\000c\000z\000e\001\104\000s\000t\000w\000o\000\040\000n\000a\000\040\000p\000o\000z\000i\000o\000m\000i\000e\000\040\000w\000i\000e\000r\000s\000z\000y\000\040\000\050\000R\000o\000w\000-\000L\000e\000v\000e\000l\000\040\000S\000e\000c\000u\000r\000i\000t\000y\000\051}{subsubsection*.77}% 78
\BOOKMARK [4][-]{paragraph*.81}{\376\377\000Z\000a\000r\000z\001\005\000d\000z\000a\000n\000i\000e\000\040\000p\000o\001\133\000w\000i\000a\000d\000c\000z\000e\000n\000i\000a\000m\000i\000\040\000a\000p\000l\000i\000k\000a\000c\000j\000i\000\040\000\050\000S\000e\000c\000r\000e\000t\000s\000\040\000M\000a\000n\000a\000g\000e\000m\000e\000n\000t\000\051}{subsubsection*.77}% 79
\BOOKMARK [3][-]{subsubsection*.82}{\376\377\0004\000.\000\040\000K\000r\000y\000p\000t\000o\000g\000r\000a\000f\000i\000a\000\040\000w\000\040\000b\000a\000z\000a\000c\000h\000\040\000d\000a\000n\000y\000c\000h}{subsection.1.2.7}% 80
\BOOKMARK [4][-]{paragraph*.83}{\376\377\000S\000z\000y\000f\000r\000o\000w\000a\000n\000i\000e\000\040\000d\000a\000n\000y\000c\000h\000\040\000w\000\040\000s\000p\000o\000c\000z\000y\000n\000k\000u\000\040\000\050\000D\000a\000t\000a\000\040\000a\000t\000\040\000R\000e\000s\000t\000\051}{subsubsection*.82}% 81
\BOOKMARK [4][-]{paragraph*.84}{\376\377\000S\000z\000y\000f\000r\000o\000w\000a\000n\000i\000e\000\040\000d\000a\000n\000y\000c\000h\000\040\000w\000\040\000t\000r\000a\000n\000z\000y\000c\000i\000e\000\040\000\050\000D\000a\000t\000a\000\040\000i\000n\000\040\000T\000r\000a\000n\000s\000i\000t\000\051}{subsubsection*.82}% 82
\BOOKMARK [4][-]{paragraph*.85}{\376\377\000S\000z\000y\000f\000r\000o\000w\000a\000n\000i\000e\000\040\000n\000a\000\040\000p\000o\000z\000i\000o\000m\000i\000e\000\040\000k\000l\000i\000e\000n\000t\000a\000\040\000\050\000C\000l\000i\000e\000n\000t\000-\000S\000i\000d\000e\000\040\000E\000n\000c\000r\000y\000p\000t\000i\000o\000n\000\051}{subsubsection*.82}% 83
\BOOKMARK [4][-]{paragraph*.86}{\376\377\000D\000y\000n\000a\000m\000i\000c\000z\000n\000e\000\040\000m\000a\000s\000k\000o\000w\000a\000n\000i\000e\000\040\000d\000a\000n\000y\000c\000h\000\040\000i\000\040\000f\000u\000n\000k\000c\000j\000e\000\040\000s\000k\000r\000\363\000t\000u}{subsubsection*.82}% 84
\BOOKMARK [3][-]{subsubsection*.87}{\376\377\0005\000.\000\040\000A\000u\000d\000y\000t\000,\000\040\000l\000o\000g\000o\000w\000a\000n\000i\000e\000\040\000i\000\040\000w\000y\000k\000r\000y\000w\000a\000n\000i\000e\000\040\000a\000n\000o\000m\000a\000l\000i\000i}{subsection.1.2.7}% 85
\BOOKMARK [4][-]{paragraph*.88}{\376\377\000Z\000n\000a\000c\000z\000e\000n\000i\000e\000\040\000a\000u\000d\000y\000t\000u\000\040\000i\000\040\000r\000o\000d\000z\000a\000j\000e\000\040\000l\000o\000g\000\363\000w\000\040\000b\000a\000z\000o\000d\000a\000n\000o\000w\000y\000c\000h}{subsubsection*.87}% 86
\BOOKMARK [4][-]{paragraph*.89}{\376\377\000C\000e\000n\000t\000r\000a\000l\000i\000z\000a\000c\000j\000a\000\040\000l\000o\000g\000\363\000w\000\040\000i\000\040\000s\000y\000s\000t\000e\000m\000y\000\040\000S\000I\000E\000M}{subsubsection*.87}% 87
\BOOKMARK [4][-]{paragraph*.90}{\376\377\000D\000a\000t\000a\000b\000a\000s\000e\000\040\000A\000c\000t\000i\000v\000i\000t\000y\000\040\000M\000o\000n\000i\000t\000o\000r\000i\000n\000g\000\040\000\050\000D\000A\000M\000\051\000\040\000i\000\040\000w\000y\000k\000r\000y\000w\000a\000n\000i\000e\000\040\000a\000n\000o\000m\000a\000l\000i\000i}{subsubsection*.87}% 88
\BOOKMARK [3][-]{subsubsection*.91}{\376\377\0006\000.\000\040\000B\000e\000z\000p\000i\000e\000c\000z\000e\001\104\000s\000t\000w\000o\000\040\000k\000o\000p\000i\000i\000\040\000z\000a\000p\000a\000s\000o\000w\000y\000c\000h\000\040\000i\000\040\000D\000i\000s\000a\000s\000t\000e\000r\000\040\000R\000e\000c\000o\000v\000e\000r\000y}{subsection.1.2.7}% 89
\BOOKMARK [4][-]{paragraph*.92}{\376\377\000Z\000a\000s\000a\000d\000a\000\040\0003\000-\0002\000-\0001\000\040\000i\000\040\000n\000i\000e\000z\000m\000i\000e\000n\000n\000o\001\133\001\007\000\040\000k\000o\000p\000i\000i\000\040\000\050\000I\000m\000m\000u\000t\000a\000b\000l\000e\000\040\000B\000a\000c\000k\000u\000p\000s\000\051}{subsubsection*.91}% 90
\BOOKMARK [4][-]{paragraph*.93}{\376\377\000S\000z\000y\000f\000r\000o\000w\000a\000n\000i\000e\000\040\000a\000r\000c\000h\000i\000w\000\363\000w\000\040\000i\000\040\000z\000a\000r\000z\001\005\000d\000z\000a\000n\000i\000e\000\040\000k\000l\000u\000c\000z\000a\000m\000i}{subsubsection*.91}% 91
\BOOKMARK [4][-]{paragraph*.94}{\376\377\000D\000i\000s\000a\000s\000t\000e\000r\000\040\000R\000e\000c\000o\000v\000e\000r\000y\000\040\000\050\000D\000R\000\051\000\040\000i\000\040\000w\000s\000k\000a\001\172\000n\000i\000k\000i\000\040\000R\000T\000O\000/\000R\000P\000O}{subsubsection*.91}% 92
\BOOKMARK [2][-]{subsection.1.2.8}{\376\377\000K\000o\000p\000i\000e\000\040\000z\000a\000p\000a\000s\000o\000w\000e\000\040\000i\000\040\000o\000d\000z\000y\000s\000k\000i\000w\000a\000n\000i\000e\000\040\000d\000a\000n\000y\000c\000h}{section.1.2}% 93
\BOOKMARK [3][-]{subsubsection*.95}{\376\377\000W\000s\000t\001\031\000p}{subsection.1.2.8}% 94
\BOOKMARK [3][-]{subsubsection*.96}{\376\377\000T\000w\000o\000r\000z\000e\000n\000i\000e\000\040\000k\000o\000p\000i\000i\000\040\000z\000a\000p\000a\000s\000o\000w\000e\000j\000\040\000c\000a\001\102\000e\000g\000o\000\040\000s\000y\000s\000t\000e\000m\000u\000\040\000P\000o\000s\000t\000g\000r\000e\000S\000Q\000L\000\040\000-\000\040\000m\000e\000c\000h\000a\000n\000i\000z\000m\000y\000\040\000w\000b\000u\000d\000o\000w\000a\000n\000e}{subsection.1.2.8}% 95
\BOOKMARK [3][-]{subsubsection*.97}{\376\377\000T\000w\000o\000r\000z\000e\000n\000i\000e\000\040\000k\000o\000p\000i\000i\000\040\000z\000a\000p\000a\000s\000o\000w\000y\000c\000h\000\040\000p\000o\000s\000z\000c\000z\000e\000g\000\363\000l\000n\000y\000c\000h\000\040\000b\000a\000z\000\040\000d\000a\000n\000y\000c\000h\000\040\000-\000\040\000m\000e\000c\000h\000a\000n\000i\000z\000m\000y\000\040\000w\000b\000u\000d\000o\000w\000a\000n\000e}{subsection.1.2.8}% 96
\BOOKMARK [3][-]{subsubsection*.98}{\376\377\000O\000d\000z\000y\000s\000k\000i\000w\000a\000n\000i\000e\000\040\000u\000s\000u\000n\000i\001\031\000t\000y\000c\000h\000\040\000l\000u\000b\000\040\000u\000s\000z\000k\000o\000d\000z\000o\000n\000y\000c\000h\000\040\000d\000a\000n\000y\000c\000h}{subsection.1.2.8}% 97
\BOOKMARK [4][-]{paragraph*.99}{\376\377\000O\000d\000t\000w\000a\000r\000z\000a\000n\000i\000e\000\040\000t\000a\000b\000e\000l\000\040\000i\000\040\000i\000n\000n\000y\000c\000h\000\040\000o\000b\000i\000e\000k\000t\000\363\000w\000\040\000l\000o\000g\000i\000c\000z\000n\000y\000c\000h}{subsubsection*.98}% 98
\BOOKMARK [4][-]{paragraph*.100}{\376\377\000O\000d\000t\000w\000a\000r\000z\000a\000n\000i\000e\000\040\000u\000s\000u\000n\000i\001\031\000t\000e\000j\000\040\000b\000a\000z\000y\000\040\000d\000a\000n\000y\000c\000h}{subsubsection*.98}% 99
\BOOKMARK [4][-]{paragraph*.101}{\376\377\000O\000d\000t\000w\000a\000r\000z\000a\000n\000i\000e\000\040\000p\000r\000z\000e\000s\000t\000r\000z\000e\000n\000i\000\040\000t\000a\000b\000e\000l\000\040\000i\000\040\000p\000e\001\102\000n\000e\000g\000o\000\040\000k\000l\000a\000s\000t\000r\000a}{subsubsection*.98}% 100
\BOOKMARK [4][-]{paragraph*.102}{\376\377\000P\000I\000T\000R\000\040\000i\000\040\000o\000d\000z\000y\000s\000k\000i\000w\000a\000n\000i\000e\000\040\000s\000t\000a\000n\000u\000\040\000s\000p\000r\000z\000e\000d\000\040\000b\001\102\001\031\000d\000u}{subsubsection*.98}% 101
\BOOKMARK [3][-]{subsubsection*.103}{\376\377\000D\000e\000d\000y\000k\000o\000w\000a\000n\000e\000\040\000o\000p\000r\000o\000g\000r\000a\000m\000o\000w\000a\000n\000i\000e\000\040\000i\000\040\000s\000k\000r\000y\000p\000t\000y\000\040\000z\000e\000w\000n\001\031\000t\000r\000z\000n\000e\000\040\000d\000o\000\040\000a\000u\000t\000o\000m\000a\000t\000y\000z\000a\000c\000j\000i}{subsection.1.2.8}% 102
\BOOKMARK [3][-]{subsubsection*.104}{\376\377\000P\000o\000d\000s\000u\000m\000o\000w\000a\000n\000i\000e}{subsection.1.2.8}% 103
\BOOKMARK [1][-]{section.1.3}{\376\377\000R\000o\000z\000d\000z\000i\000a\001\102\000\040\0003\000:\000\040\000P\000r\000o\000j\000e\000k\000t\000o\000w\000a\000n\000i\000e\000\040\000B\000a\000z\000y\000\040\000D\000a\000n\000y\000c\000h\000:\000\040\000S\000y\000s\000t\000e\000m\000\040\000Z\000a\000r\000z\001\005\000d\000z\000a\000n\000i\000a\000\040\000B\000i\000b\000l\000i\000o\000t\000e\000k\001\005}{chapter.1}% 104
\BOOKMARK [2][-]{subsection.1.3.1}{\376\377\000W\000y\000b\000\363\000r\000\040\000z\000a\000g\000a\000d\000n\000i\000e\000n\000i\000a\000,\000\040\000o\000p\000i\000s\000\040\000p\000r\000o\000c\000e\000s\000\363\000w\000\040\000i\000\040\000d\000a\000n\000y\000c\000h}{section.1.3}% 105
\BOOKMARK [3][-]{subsubsection*.105}{\376\377\000W\000y\000b\000r\000a\000n\000e\000\040\000z\000a\000g\000a\000d\000n\000i\000e\000n\000i\000e\000:}{subsection.1.3.1}% 106
\BOOKMARK [3][-]{subsubsection*.106}{\376\377\000O\000p\000i\000s\000\040\000p\000r\000o\000c\000e\000s\000\363\000w\000\040\000i\000\040\000w\000i\001\031\000z\000y\000\040\000i\000n\000t\000e\000g\000r\000a\000l\000n\000o\001\133\000c\000i\000:}{subsection.1.3.1}% 107
\BOOKMARK [3][-]{subsubsection*.107}{\376\377\000W\000y\000k\000a\000z\000\040\000g\000r\000o\000m\000a\000d\000z\000o\000n\000y\000c\000h\000\040\000d\000a\000n\000y\000c\000h\000:}{subsection.1.3.1}% 108
\BOOKMARK [2][-]{subsection.1.3.2}{\376\377\000P\000r\000o\000t\000o\000t\000y\000p\000\040\000C\000S\000V}{section.1.3}% 109
\BOOKMARK [2][-]{subsection.1.3.3}{\376\377\000M\000o\000d\000e\000l\000\040\000K\000o\000n\000c\000e\000p\000t\000u\000a\000l\000n\000y\000\040\000\050\000P\000o\000j\001\031\000c\000i\000o\000w\000y\000\051}{section.1.3}% 110
\BOOKMARK [3][-]{subsubsection*.108}{\376\377\000Z\000i\000d\000e\000n\000t\000y\000f\000i\000k\000o\000w\000a\000n\000e\000\040\000e\000n\000c\000j\000e}{subsection.1.3.3}% 111
\BOOKMARK [3][-]{subsubsection*.109}{\376\377\000Z\000d\000e\000f\000i\000n\000i\000o\000w\000a\000n\000e\000\040\000a\000t\000r\000y\000b\000u\000t\000y\000/\000w\001\102\000a\000s\000n\000o\001\133\000c\000i}{subsection.1.3.3}% 112
\BOOKMARK [3][-]{subsubsection*.110}{\376\377\000O\000p\000i\000s\000\040\000z\000w\000i\001\005\000z\000k\000\363\000w}{subsection.1.3.3}% 113
\BOOKMARK [3][-]{subsubsection*.111}{\376\377\000I\000d\000e\000n\000t\000y\000f\000i\000k\000a\000c\000j\000a\000\040\000e\000n\000c\000j\000i\000\040\000s\001\102\000a\000b\000y\000c\000h}{subsection.1.3.3}% 114
\BOOKMARK [3][-]{subsubsection*.112}{\376\377\000S\000c\000h\000e\000m\000a\000t\000\040\000w\000\040\000n\000o\000t\000a\000c\000j\000i\000\040\000C\000h\000e\000n\000a}{subsection.1.3.3}% 115
\BOOKMARK [2][-]{subsection.1.3.4}{\376\377\000M\000o\000d\000e\000l\000\040\000l\000o\000g\000i\000c\000z\000n\000y\000\040\000i\000\040\000p\000r\000o\000c\000e\000s\000\040\000n\000o\000r\000m\000a\000l\000i\000z\000a\000c\000j\000i}{section.1.3}% 116
\BOOKMARK [3][-]{subsubsection*.113}{\376\377\000P\000r\000z\000e\000b\000i\000e\000g\000\040\000p\000r\000o\000c\000e\000s\000u\000\040\000n\000o\000r\000m\000a\000l\000i\000z\000a\000c\000j\000i}{subsection.1.3.4}% 117
\BOOKMARK [3][-]{subsubsection*.114}{\376\377\000O\000s\000t\000a\000t\000e\000c\000z\000n\000a\000\040\000s\000t\000r\000u\000k\000t\000u\000r\000a\000\040\000t\000a\000b\000e\000l\000\040\000\050\0003\000N\000F\000\051}{subsection.1.3.4}% 118
\BOOKMARK [3][-]{subsubsection*.115}{\376\377\000D\000i\000a\000g\000r\000a\000m\000\040\000E\000R\000D\000\040\000\050\000M\000o\000d\000e\000l\000\040\000L\000o\000g\000i\000c\000z\000n\000y\000\051}{subsection.1.3.4}% 119
\BOOKMARK [2][-]{subsection.1.3.5}{\376\377\000M\000o\000d\000e\000l\000\040\000f\000i\000z\000y\000c\000z\000n\000y\000\040\000b\000a\000z\000y\000\040\000d\000a\000n\000y\000c\000h}{section.1.3}% 120
\BOOKMARK [3][-]{subsubsection*.116}{\376\377\000M\000o\000d\000e\000l\000\040\000f\000i\000z\000y\000c\000z\000n\000y\000\040\000d\000l\000a\000\040\001\133\000r\000o\000d\000o\000w\000i\000s\000k\000a\000\040\000S\000Q\000L\000i\000t\000e}{subsection.1.3.5}% 121
\BOOKMARK [3][-]{subsubsection*.117}{\376\377\000M\000o\000d\000e\000l\000\040\000f\000i\000z\000y\000c\000z\000n\000y\000\040\000d\000l\000a\000\040\001\133\000r\000o\000d\000o\000w\000i\000s\000k\000a\000\040\000P\000o\000s\000t\000g\000r\000e\000S\000Q\000L}{subsection.1.3.5}% 122
\BOOKMARK [1][-]{section.1.4}{\376\377\000R\000o\000z\000d\000z\000i\000a\001\102\000\040\0004\000:\000\040\000I\000m\000p\000l\000e\000m\000e\000n\000t\000a\000c\000j\000a\000\040\000f\000i\000z\000y\000c\000z\000n\000a\000\040\000i\000\040\000z\000a\000s\000i\000l\000a\000n\000i\000e\000\040\000b\000a\000z\000y\000\040\000d\000a\000n\000y\000c\000h}{chapter.1}% 123
\BOOKMARK [2][-]{subsection.1.4.1}{\376\377\000D\000e\000f\000i\000n\000i\000c\000j\000a\000\040\000f\000i\000z\000y\000c\000z\000n\000a\000\040\000b\000a\000z\000y\000\040\000d\000a\000n\000y\000c\000h\000\040\000\050\000Z\000a\000d\000a\000n\000i\000e\000\040\0001\000\051}{section.1.4}% 124
\BOOKMARK [3][-]{subsubsection*.118}{\376\377\000S\000k\000r\000y\000p\000t\000\040\000d\000l\000a\000\040\001\133\000r\000o\000d\000o\000w\000i\000s\000k\000a\000\040\000P\000o\000s\000t\000g\000r\000e\000S\000Q\000L}{subsection.1.4.1}% 125
\BOOKMARK [3][-]{subsubsection*.119}{\376\377\000S\000k\000r\000y\000p\000t\000\040\000d\000l\000a\000\040\001\133\000r\000o\000d\000o\000w\000i\000s\000k\000a\000\040\000S\000Q\000L\000i\000t\000e}{subsection.1.4.1}% 126
\BOOKMARK [2][-]{subsection.1.4.2}{\376\377\000M\000e\000c\000h\000a\000n\000i\000z\000m\000\040\000z\000a\000s\000i\000l\000a\000n\000i\000a\000\040\000b\000a\000z\000y\000\040\000d\000a\000n\000y\000c\000h\000\040\000\050\000Z\000a\000d\000a\000n\000i\000e\000\040\0002\000\051}{section.1.4}% 127
\BOOKMARK [3][-]{subsubsection*.120}{\376\377\000F\000o\000r\000m\000a\000t\000y\000z\000a\000c\000j\000a\000\040\000d\000a\000n\000y\000c\000h\000\040\000\050\000P\000l\000i\000k\000i\000\040\000C\000S\000V\000\051}{subsection.1.4.2}% 128
\BOOKMARK [3][-]{subsubsection*.121}{\376\377\000I\000m\000p\000l\000e\000m\000e\000n\000t\000a\000c\000j\000a\000\040\000m\000e\000c\000h\000a\000n\000i\000z\000m\000u\000\040\000i\000m\000p\000o\000r\000t\000u}{subsection.1.4.2}% 129
\BOOKMARK [2][-]{subsection.1.4.3}{\376\377\000P\000o\000d\000s\000u\000m\000o\000w\000a\000n\000i\000e}{section.1.4}% 130
\BOOKMARK [1][-]{section.1.5}{\376\377\000R\000o\000z\000d\000z\000i\000a\001\102\000\040\0005\000:\000\040\000K\000o\000m\000u\000n\000i\000k\000a\000c\000j\000a\000\040\000i\000\040\000o\000p\000e\000r\000a\000c\000j\000e\000\040\000n\000a\000\040\000d\000a\000n\000y\000c\000h}{chapter.1}% 131
\BOOKMARK [2][-]{subsection.1.5.1}{\376\377\000W\000s\000t\001\031\000p}{section.1.5}% 132
\BOOKMARK [2][-]{subsection.1.5.2}{\376\377\000P\000e\001\102\000n\000a\000\040\000s\000p\000e\000c\000y\000f\000i\000k\000a\000c\000j\000a\000\040\000s\000t\000w\000o\000r\000z\000o\000n\000e\000g\000o\000\040\000A\000P\000I}{section.1.5}% 133
\BOOKMARK [3][-]{subsubsection*.122}{\376\377\000M\000o\000d\000u\001\102\000\040\000b\000i\000b\000l\000i\000o\000t\000e\000k\000a\000\137\000z\000a\000p\000y\000t\000a\000n\000i\000a}{subsection.1.5.2}% 134
